# JRE version: OpenJDK Runtime Environment (8.0_76-b03) (build 1.8.0_76-release-b03)
# Java VM: OpenJDK 64-Bit Server VM (25.76-b03 mixed mode linux-amd64 compressed oops)
Heap:
 PSYoungGen      total 382976K, used 31653K [0x00000000e0000000, 0x00000000fab00000, 0x0000000100000000)
  eden space 334848K, 0% used [0x00000000e0000000,0x00000000e0000000,0x00000000f4700000)
  from space 48128K, 65% used [0x00000000f4700000,0x00000000f65e9490,0x00000000f7600000)
  to   space 44032K, 0% used [0x00000000f7600000,0x00000000f7600000,0x00000000fa100000)
 ParOldGen       total 160256K, used 94976K [0x00000000a0000000, 0x00000000a9c80000, 0x00000000e0000000)
  object space 160256K, 59% used [0x00000000a0000000,0x00000000a5cc00f8,0x00000000a9c80000)
 Metaspace       used 65472K, capacity 67406K, committed 67584K, reserved 1107968K
  class space    used 8259K, capacity 8671K, committed 8704K, reserved 1048576K
GC Heap History (10 events):
Event: 48.346 GC heap after
Heap after GC invocations=29 (full 4):
 PSYoungGen      total 239104K, used 9580K [0x00000000e0000000, 0x00000000f4480000, 0x0000000100000000)
  eden space 216576K, 0% used [0x00000000e0000000,0x00000000e0000000,0x00000000ed380000)
  from space 22528K, 42% used [0x00000000ed380000,0x00000000edcdb0c0,0x00000000ee980000)
  to   space 20992K, 0% used [0x00000000f3000000,0x00000000f3000000,0x00000000f4480000)
 ParOldGen       total 99328K, used 35666K [0x00000000a0000000, 0x00000000a6100000, 0x00000000e0000000)
  object space 99328K, 35% used [0x00000000a0000000,0x00000000a22d4898,0x00000000a6100000)
 Metaspace       used 61395K, capacity 63168K, committed 63360K, reserved 1103872K
  class space    used 7914K, capacity 8316K, committed 8320K, reserved 1048576K
}
Event: 50.440 GC heap before
{Heap before GC invocations=30 (full 4):
 PSYoungGen      total 239104K, used 226156K [0x00000000e0000000, 0x00000000f4480000, 0x0000000100000000)
  eden space 216576K, 100% used [0x00000000e0000000,0x00000000ed380000,0x00000000ed380000)
  from space 22528K, 42% used [0x00000000ed380000,0x00000000edcdb0c0,0x00000000ee980000)
  to   space 20992K, 0% used [0x00000000f3000000,0x00000000f3000000,0x00000000f4480000)
 ParOldGen       total 99328K, used 35666K [0x00000000a0000000, 0x00000000a6100000, 0x00000000e0000000)
  object space 99328K, 35% used [0x00000000a0000000,0x00000000a22d4898,0x00000000a6100000)
 Metaspace       used 64687K, capacity 66660K, committed 66816K, reserved 1107968K
  class space    used 8253K, capacity 8676K, committed 8704K, reserved 1048576K
Event: 50.465 GC heap after
Heap after GC invocations=30 (full 4):
 PSYoungGen      total 290816K, used 20976K [0x00000000e0000000, 0x00000000f4480000, 0x0000000100000000)
  eden space 269824K, 0% used [0x00000000e0000000,0x00000000e0000000,0x00000000f0780000)
  from space 20992K, 99% used [0x00000000f3000000,0x00000000f447c060,0x00000000f4480000)
  to   space 30208K, 0% used [0x00000000f0980000,0x00000000f0980000,0x00000000f2700000)
 ParOldGen       total 99328K, used 51777K [0x00000000a0000000, 0x00000000a6100000, 0x00000000e0000000)
  object space 99328K, 52% used [0x00000000a0000000,0x00000000a32906a8,0x00000000a6100000)
 Metaspace       used 64687K, capacity 66660K, committed 66816K, reserved 1107968K
  class space    used 8253K, capacity 8676K, committed 8704K, reserved 1048576K
}
Event: 51.073 GC heap before
{Heap before GC invocations=31 (full 4):
 PSYoungGen      total 290816K, used 290800K [0x00000000e0000000, 0x00000000f4480000, 0x0000000100000000)
  eden space 269824K, 100% used [0x00000000e0000000,0x00000000f0780000,0x00000000f0780000)
  from space 20992K, 99% used [0x00000000f3000000,0x00000000f447c060,0x00000000f4480000)
  to   space 30208K, 0% used [0x00000000f0980000,0x00000000f0980000,0x00000000f2700000)
 ParOldGen       total 99328K, used 51777K [0x00000000a0000000, 0x00000000a6100000, 0x00000000e0000000)
  object space 99328K, 52% used [0x00000000a0000000,0x00000000a32906a8,0x00000000a6100000)
 Metaspace       used 64851K, capacity 66788K, committed 66816K, reserved 1107968K
  class space    used 8256K, capacity 8676K, committed 8704K, reserved 1048576K
Event: 51.125 GC heap after
Heap after GC invocations=31 (full 4):
 PSYoungGen      total 302080K, used 30176K [0x00000000e0000000, 0x00000000fa100000, 0x0000000100000000)
  eden space 271872K, 0% used [0x00000000e0000000,0x00000000e0000000,0x00000000f0980000)
  from space 30208K, 99% used [0x00000000f0980000,0x00000000f26f8190,0x00000000f2700000)
  to   space 44032K, 0% used [0x00000000f7600000,0x00000000f7600000,0x00000000fa100000)
 ParOldGen       total 99328K, used 75777K [0x00000000a0000000, 0x00000000a6100000, 0x00000000e0000000)
  object space 99328K, 76% used [0x00000000a0000000,0x00000000a4a004c8,0x00000000a6100000)
 Metaspace       used 64851K, capacity 66788K, committed 66816K, reserved 1107968K
  class space    used 8256K, capacity 8676K, committed 8704K, reserved 1048576K
}
Event: 52.008 GC heap before
{Heap before GC invocations=32 (full 4):
 PSYoungGen      total 302080K, used 302048K [0x00000000e0000000, 0x00000000fa100000, 0x0000000100000000)
  eden space 271872K, 100% used [0x00000000e0000000,0x00000000f0980000,0x00000000f0980000)
  from space 30208K, 99% used [0x00000000f0980000,0x00000000f26f8190,0x00000000f2700000)
  to   space 44032K, 0% used [0x00000000f7600000,0x00000000f7600000,0x00000000fa100000)
 ParOldGen       total 99328K, used 75777K [0x00000000a0000000, 0x00000000a6100000, 0x00000000e0000000)
  object space 99328K, 76% used [0x00000000a0000000,0x00000000a4a004c8,0x00000000a6100000)
 Metaspace       used 65286K, capacity 67236K, committed 67328K, reserved 1107968K
  class space    used 8259K, capacity 8676K, committed 8704K, reserved 1048576K
Event: 52.051 GC heap after
Heap after GC invocations=32 (full 4):
 PSYoungGen      total 378880K, used 35822K [0x00000000e0000000, 0x00000000fab00000, 0x0000000100000000)
  eden space 334848K, 0% used [0x00000000e0000000,0x00000000e0000000,0x00000000f4700000)
  from space 44032K, 81% used [0x00000000f7600000,0x00000000f98fb9f0,0x00000000fa100000)
  to   space 48128K, 0% used [0x00000000f4700000,0x00000000f4700000,0x00000000f7600000)
 ParOldGen       total 99328K, used 93700K [0x00000000a0000000, 0x00000000a6100000, 0x00000000e0000000)
  object space 99328K, 94% used [0x00000000a0000000,0x00000000a5b811c8,0x00000000a6100000)
 Metaspace       used 65286K, capacity 67236K, committed 67328K, reserved 1107968K
  class space    used 8259K, capacity 8676K, committed 8704K, reserved 1048576K
}
Event: 52.051 GC heap before
{Heap before GC invocations=33 (full 5):
 PSYoungGen      total 378880K, used 35822K [0x00000000e0000000, 0x00000000fab00000, 0x0000000100000000)
  eden space 334848K, 0% used [0x00000000e0000000,0x00000000e0000000,0x00000000f4700000)
  from space 44032K, 81% used [0x00000000f7600000,0x00000000f98fb9f0,0x00000000fa100000)
  to   space 48128K, 0% used [0x00000000f4700000,0x00000000f4700000,0x00000000f7600000)
 ParOldGen       total 99328K, used 93700K [0x00000000a0000000, 0x00000000a6100000, 0x00000000e0000000)
  object space 99328K, 94% used [0x00000000a0000000,0x00000000a5b811c8,0x00000000a6100000)
 Metaspace       used 65286K, capacity 67236K, committed 67328K, reserved 1107968K
  class space    used 8259K, capacity 8676K, committed 8704K, reserved 1048576K
Event: 52.528 GC heap after
Heap after GC invocations=33 (full 5):
 PSYoungGen      total 378880K, used 0K [0x00000000e0000000, 0x00000000fab00000, 0x0000000100000000)
  eden space 334848K, 0% used [0x00000000e0000000,0x00000000e0000000,0x00000000f4700000)
  from space 44032K, 0% used [0x00000000f7600000,0x00000000f7600000,0x00000000fa100000)
  to   space 48128K, 0% used [0x00000000f4700000,0x00000000f4700000,0x00000000f7600000)
 ParOldGen       total 160256K, used 94968K [0x00000000a0000000, 0x00000000a9c80000, 0x00000000e0000000)
  object space 160256K, 59% used [0x00000000a0000000,0x00000000a5cbe0f8,0x00000000a9c80000)
 Metaspace       used 65278K, capacity 67214K, committed 67328K, reserved 1107968K
  class space    used 8256K, capacity 8671K, committed 8704K, reserved 1048576K
}
Event: 56.922 GC heap before
{Heap before GC invocations=34 (full 5):
 PSYoungGen      total 378880K, used 334848K [0x00000000e0000000, 0x00000000fab00000, 0x0000000100000000)
  eden space 334848K, 100% used [0x00000000e0000000,0x00000000f4700000,0x00000000f4700000)
  from space 44032K, 0% used [0x00000000f7600000,0x00000000f7600000,0x00000000fa100000)
  to   space 48128K, 0% used [0x00000000f4700000,0x00000000f4700000,0x00000000f7600000)
 ParOldGen       total 160256K, used 94968K [0x00000000a0000000, 0x00000000a9c80000, 0x00000000e0000000)
  object space 160256K, 59% used [0x00000000a0000000,0x00000000a5cbe0f8,0x00000000a9c80000)
 Metaspace       used 65472K, capacity 67406K, committed 67584K, reserved 1107968K
  class space    used 8259K, capacity 8671K, committed 8704K, reserved 1048576K

